<?xml version="1.0" encoding="UTF-8"?>
<coverage generated="1752484874590" clover="3.2.0">
  <project timestamp="1752484874590" name="All files">
    <metrics statements="17" coveredstatements="17" conditionals="8" coveredconditionals="8" methods="5" coveredmethods="5" elements="30" coveredelements="30" complexity="0" loc="17" ncloc="17" packages="1" files="5" classes="5"/>
    <file name="addByX.js" path="C:\dev\jest-qa\26 - 02-jest-advanced\src\addByX.js">
      <metrics statements="0" coveredstatements="0" conditionals="0" coveredconditionals="0" methods="0" coveredmethods="0"/>
    </file>
    <file name="createTodo.js" path="C:\dev\jest-qa\26 - 02-jest-advanced\src\createTodo.js">
      <metrics statements="6" coveredstatements="6" conditionals="4" coveredconditionals="4" methods="2" coveredmethods="2"/>
      <line num="4" count="5" type="cond" truecount="2" falsecount="0"/>
      <line num="5" count="1" type="stmt"/>
      <line num="8" count="4" type="stmt"/>
      <line num="16" count="3" type="stmt"/>
      <line num="22" count="2" type="cond" truecount="2" falsecount="0"/>
      <line num="24" count="1" type="stmt"/>
    </file>
    <file name="filterArray.js" path="C:\dev\jest-qa\26 - 02-jest-advanced\src\filterArray.js">
      <metrics statements="4" coveredstatements="4" conditionals="2" coveredconditionals="2" methods="1" coveredmethods="1"/>
      <line num="2" count="3" type="stmt"/>
      <line num="3" count="3" type="stmt"/>
      <line num="5" count="9" type="cond" truecount="2" falsecount="0"/>
      <line num="7" count="3" type="stmt"/>
    </file>
    <file name="getLength.js" path="C:\dev\jest-qa\26 - 02-jest-advanced\src\getLength.js">
      <metrics statements="2" coveredstatements="2" conditionals="2" coveredconditionals="2" methods="1" coveredmethods="1"/>
      <line num="2" count="11" type="cond" truecount="2" falsecount="0"/>
      <line num="4" count="8" type="stmt"/>
    </file>
    <file name="getTodos.js" path="C:\dev\jest-qa\26 - 02-jest-advanced\src\getTodos.js">
      <metrics statements="5" coveredstatements="5" conditionals="0" coveredconditionals="0" methods="1" coveredmethods="1"/>
      <line num="4" count="2" type="stmt"/>
      <line num="5" count="2" type="stmt"/>
      <line num="9" count="1" type="stmt"/>
      <line num="11" count="1" type="stmt"/>
      <line num="13" count="1" type="stmt"/>
    </file>
  </project>
</coverage>
