{"C:\\dev\\jest-qa\\26 - 02-jest-advanced\\src\\addByX.js": {"path":"C:\\dev\\jest-qa\\26 - 02-jest-advanced\\src\\addByX.js","statementMap":{},"fnMap":{},"branchMap":{},"s":{},"f":{},"b":{},"_coverageSchema":"1a1c01bbd47fc00a2c39e90264f33305004495a9","hash":"c2e8824eb61581dfd2bc02fd4349a0fc2d6bb5b4"}
,"C:\\dev\\jest-qa\\26 - 02-jest-advanced\\src\\createTodo.js": {"path":"C:\\dev\\jest-qa\\26 - 02-jest-advanced\\src\\createTodo.js","statementMap":{"0":{"start":{"line":4,"column":2},"end":{"line":6,"column":3}},"1":{"start":{"line":5,"column":4},"end":{"line":5,"column":42}},"2":{"start":{"line":8,"column":2},"end":{"line":12,"column":4}},"3":{"start":{"line":16,"column":19},"end":{"line":20,"column":4}},"4":{"start":{"line":22,"column":2},"end":{"line":22,"column":58}},"5":{"start":{"line":22,"column":20},"end":{"line":22,"column":58}},"6":{"start":{"line":24,"column":2},"end":{"line":24,"column":25}}},"fnMap":{"0":{"name":"createTodo","decl":{"start":{"line":3,"column":16},"end":{"line":3,"column":26}},"loc":{"start":{"line":3,"column":34},"end":{"line":13,"column":1}},"line":3},"1":{"name":"createTodoOnServer","decl":{"start":{"line":15,"column":22},"end":{"line":15,"column":40}},"loc":{"start":{"line":15,"column":48},"end":{"line":25,"column":1}},"line":15}},"branchMap":{"0":{"loc":{"start":{"line":4,"column":2},"end":{"line":6,"column":3}},"type":"if","locations":[{"start":{"line":4,"column":2},"end":{"line":6,"column":3}},{"start":{},"end":{}}],"line":4},"1":{"loc":{"start":{"line":22,"column":2},"end":{"line":22,"column":58}},"type":"if","locations":[{"start":{"line":22,"column":2},"end":{"line":22,"column":58}},{"start":{},"end":{}}],"line":22}},"s":{"0":5,"1":1,"2":4,"3":3,"4":2,"5":1,"6":1},"f":{"0":5,"1":3},"b":{"0":[1,4],"1":[1,1]},"_coverageSchema":"1a1c01bbd47fc00a2c39e90264f33305004495a9","hash":"92994bc80ae8bd8770664141a51d303b7db87479"}
,"C:\\dev\\jest-qa\\26 - 02-jest-advanced\\src\\filterArray.js": {"path":"C:\\dev\\jest-qa\\26 - 02-jest-advanced\\src\\filterArray.js","statementMap":{"0":{"start":{"line":2,"column":19},"end":{"line":2,"column":21}},"1":{"start":{"line":3,"column":2},"end":{"line":6,"column":3}},"2":{"start":{"line":3,"column":15},"end":{"line":3,"column":16}},"3":{"start":{"line":5,"column":4},"end":{"line":5,"column":52}},"4":{"start":{"line":5,"column":28},"end":{"line":5,"column":52}},"5":{"start":{"line":7,"column":2},"end":{"line":7,"column":18}}},"fnMap":{"0":{"name":"filterArray","decl":{"start":{"line":1,"column":16},"end":{"line":1,"column":27}},"loc":{"start":{"line":1,"column":45},"end":{"line":8,"column":1}},"line":1}},"branchMap":{"0":{"loc":{"start":{"line":5,"column":4},"end":{"line":5,"column":52}},"type":"if","locations":[{"start":{"line":5,"column":4},"end":{"line":5,"column":52}},{"start":{},"end":{}}],"line":5}},"s":{"0":3,"1":3,"2":3,"3":9,"4":4,"5":3},"f":{"0":3},"b":{"0":[4,5]},"_coverageSchema":"1a1c01bbd47fc00a2c39e90264f33305004495a9","hash":"749b940a2fbebb7ec8b63405d2cb811bef8e045b"}
,"C:\\dev\\jest-qa\\26 - 02-jest-advanced\\src\\getLength.js": {"path":"C:\\dev\\jest-qa\\26 - 02-jest-advanced\\src\\getLength.js","statementMap":{"0":{"start":{"line":2,"column":1},"end":{"line":2,"column":41}},"1":{"start":{"line":2,"column":32},"end":{"line":2,"column":41}},"2":{"start":{"line":4,"column":2},"end":{"line":4,"column":30}}},"fnMap":{"0":{"name":"getLength","decl":{"start":{"line":1,"column":16},"end":{"line":1,"column":25}},"loc":{"start":{"line":1,"column":33},"end":{"line":5,"column":1}},"line":1}},"branchMap":{"0":{"loc":{"start":{"line":2,"column":1},"end":{"line":2,"column":41}},"type":"if","locations":[{"start":{"line":2,"column":1},"end":{"line":2,"column":41}},{"start":{},"end":{}}],"line":2}},"s":{"0":11,"1":3,"2":8},"f":{"0":11},"b":{"0":[3,8]},"_coverageSchema":"1a1c01bbd47fc00a2c39e90264f33305004495a9","hash":"31f802fe87b880aabe68ca0d5ac3fda6e7114cd6"}
,"C:\\dev\\jest-qa\\26 - 02-jest-advanced\\src\\getTodos.js": {"path":"C:\\dev\\jest-qa\\26 - 02-jest-advanced\\src\\getTodos.js","statementMap":{"0":{"start":{"line":4,"column":2},"end":{"line":14,"column":3}},"1":{"start":{"line":5,"column":21},"end":{"line":7,"column":5}},"2":{"start":{"line":9,"column":4},"end":{"line":9,"column":16}},"3":{"start":{"line":11,"column":4},"end":{"line":11,"column":25}},"4":{"start":{"line":13,"column":4},"end":{"line":13,"column":14}}},"fnMap":{"0":{"name":"getTodos","decl":{"start":{"line":3,"column":22},"end":{"line":3,"column":30}},"loc":{"start":{"line":3,"column":33},"end":{"line":15,"column":1}},"line":3}},"branchMap":{},"s":{"0":2,"1":2,"2":1,"3":1,"4":1},"f":{"0":2},"b":{},"_coverageSchema":"1a1c01bbd47fc00a2c39e90264f33305004495a9","hash":"09b1ce5577abd3c9a5687d685cbceaba74fbe43a"}
}
