TN:
SF:src\addByX.js
FNF:0
FNH:0
LF:0
LH:0
BRF:0
BRH:0
end_of_record
TN:
SF:src\createTodo.js
FN:3,createTodo
FN:15,createTodoOnServer
FNF:2
FNH:2
FNDA:5,createTodo
FNDA:3,createTodoOnServer
DA:4,5
DA:5,1
DA:8,4
DA:16,3
DA:22,2
DA:24,1
LF:6
LH:6
BRDA:4,0,0,1
BRDA:4,0,1,4
BRDA:22,1,0,1
BRDA:22,1,1,1
BRF:4
BRH:4
end_of_record
TN:
SF:src\filterArray.js
FN:1,filterArray
FNF:1
FNH:1
FNDA:3,filterArray
DA:2,3
DA:3,3
DA:5,9
DA:7,3
LF:4
LH:4
BRDA:5,0,0,4
BRDA:5,0,1,5
BRF:2
BRH:2
end_of_record
TN:
SF:src\getLength.js
FN:1,getLength
FNF:1
FNH:1
FNDA:11,getLength
DA:2,11
DA:4,8
LF:2
LH:2
BRDA:2,0,0,3
BRDA:2,0,1,8
BRF:2
BRH:2
end_of_record
TN:
SF:src\getTodos.js
FN:3,getTodos
FNF:1
FNH:1
FNDA:2,getTodos
DA:4,2
DA:5,2
DA:9,1
DA:11,1
DA:13,1
LF:5
LH:5
BRF:0
BRH:0
end_of_record
