<?xml version="1.0" encoding="UTF-8"?>
<coverage generated="1752671097375" clover="3.2.0">
  <project timestamp="1752671097375" name="All files">
    <metrics statements="10" coveredstatements="9" conditionals="10" coveredconditionals="9" methods="1" coveredmethods="1" elements="21" coveredelements="19" complexity="0" loc="10" ncloc="10" packages="1" files="2" classes="2"/>
    <file name="constants.js" path="C:\dev\jest-qa\33 - 03-tdd\src\constants.js">
      <metrics statements="1" coveredstatements="1" conditionals="0" coveredconditionals="0" methods="0" coveredmethods="0"/>
      <line num="1" count="1" type="stmt"/>
    </file>
    <file name="validate-password.js" path="C:\dev\jest-qa\33 - 03-tdd\src\validate-password.js">
      <metrics statements="9" coveredstatements="8" conditionals="10" coveredconditionals="9" methods="1" coveredmethods="1"/>
      <line num="4" count="7" type="cond" truecount="2" falsecount="0"/>
      <line num="5" count="2" type="stmt"/>
      <line num="11" count="5" type="cond" truecount="4" falsecount="0"/>
      <line num="12" count="2" type="stmt"/>
      <line num="18" count="3" type="cond" truecount="2" falsecount="0"/>
      <line num="19" count="2" type="stmt"/>
      <line num="25" count="1" type="cond" truecount="1" falsecount="1"/>
      <line num="26" count="1" type="stmt"/>
      <line num="32" count="0" type="stmt"/>
    </file>
  </project>
</coverage>
